# JRE version: OpenJDK Runtime Environment (8.0_222-b05) (build 1.8.0_222-b05)
# Java VM: OpenJDK 64-Bit Server VM (25.222-b05 mixed mode linux-amd64 compressed oops)
Heap:
 PSYoungGen      total 4193280K, used 1384432K [0x00000006c0000000, 0x00000007c0000000, 0x00000007c0000000)
  eden space 4192256K, 33% used [0x00000006c0000000,0x00000007147ae4e0,0x00000007bfe00000)
  from space 1024K, 30% used [0x00000007bfe00000,0x00000007bfe4dba8,0x00000007bff00000)
  to   space 1024K, 0% used [0x00000007bff00000,0x00000007bff00000,0x00000007c0000000)
 ParOldGen       total 5592576K, used 4328300K [0x00000004c0000000, 0x0000000615580000, 0x00000006c0000000)
  object space 5592576K, 77% used [0x00000004c0000000,0x00000005c82db1d8,0x0000000615580000)
 Metaspace       used 6169K, capacity 6300K, committed 6528K, reserved 1056768K
  class space    used 537K, capacity 564K, committed 640K, reserved 1048576K
GC Heap History (10 events):
Event: 30727.734 GC heap before
{Heap before GC invocations=103529 (full 2):
 PSYoungGen      total 4193280K, used 4192736K [0x00000006c0000000, 0x00000007c0000000, 0x00000007c0000000)
  eden space 4192256K, 100% used [0x00000006c0000000,0x00000007bfe00000,0x00000007bfe00000)
  from space 1024K, 46% used [0x00000007bff00000,0x00000007bff78000,0x00000007c0000000)
  to   space 1024K, 0% used [0x00000007bfe00000,0x00000007bfe00000,0x00000007bff00000)
 ParOldGen       total 5592576K, used 4327972K [0x00000004c0000000, 0x0000000615580000, 0x00000006c0000000)
  object space 5592576K, 77% used [0x00000004c0000000,0x00000005c82891d8,0x0000000615580000)
 Metaspace       used 6169K, capacity 6300K, committed 6528K, reserved 1056768K
  class space    used 537K, capacity 564K, committed 640K, reserved 1048576K
Event: 30727.743 GC heap after
Heap after GC invocations=103529 (full 2):
 PSYoungGen      total 4193280K, used 480K [0x00000006c0000000, 0x00000007c0000000, 0x00000007c0000000)
  eden space 4192256K, 0% used [0x00000006c0000000,0x00000006c0000000,0x00000007bfe00000)
  from space 1024K, 46% used [0x00000007bfe00000,0x00000007bfe78000,0x00000007bff00000)
  to   space 1024K, 0% used [0x00000007bff00000,0x00000007bff00000,0x00000007c0000000)
 ParOldGen       total 5592576K, used 4328028K [0x00000004c0000000, 0x0000000615580000, 0x00000006c0000000)
  object space 5592576K, 77% used [0x00000004c0000000,0x00000005c82971d8,0x0000000615580000)
 Metaspace       used 6169K, capacity 6300K, committed 6528K, reserved 1056768K
  class space    used 537K, capacity 564K, committed 640K, reserved 1048576K
}
Event: 30728.033 GC heap before
{Heap before GC invocations=103530 (full 2):
 PSYoungGen      total 4193280K, used 4192736K [0x00000006c0000000, 0x00000007c0000000, 0x00000007c0000000)
  eden space 4192256K, 100% used [0x00000006c0000000,0x00000007bfe00000,0x00000007bfe00000)
  from space 1024K, 46% used [0x00000007bfe00000,0x00000007bfe78000,0x00000007bff00000)
  to   space 1024K, 0% used [0x00000007bff00000,0x00000007bff00000,0x00000007c0000000)
 ParOldGen       total 5592576K, used 4328028K [0x00000004c0000000, 0x0000000615580000, 0x00000006c0000000)
  object space 5592576K, 77% used [0x00000004c0000000,0x00000005c82971d8,0x0000000615580000)
 Metaspace       used 6169K, capacity 6300K, committed 6528K, reserved 1056768K
  class space    used 537K, capacity 564K, committed 640K, reserved 1048576K
Event: 30728.042 GC heap after
Heap after GC invocations=103530 (full 2):
 PSYoungGen      total 4193280K, used 480K [0x00000006c0000000, 0x00000007c0000000, 0x00000007c0000000)
  eden space 4192256K, 0% used [0x00000006c0000000,0x00000006c0000000,0x00000007bfe00000)
  from space 1024K, 46% used [0x00000007bff00000,0x00000007bff78000,0x00000007c0000000)
  to   space 1024K, 0% used [0x00000007bfe00000,0x00000007bfe00000,0x00000007bff00000)
 ParOldGen       total 5592576K, used 4328100K [0x00000004c0000000, 0x0000000615580000, 0x00000006c0000000)
  object space 5592576K, 77% used [0x00000004c0000000,0x00000005c82a91d8,0x0000000615580000)
 Metaspace       used 6169K, capacity 6300K, committed 6528K, reserved 1056768K
  class space    used 537K, capacity 564K, committed 640K, reserved 1048576K
}
Event: 30728.332 GC heap before
{Heap before GC invocations=103531 (full 2):
 PSYoungGen      total 4193280K, used 4192736K [0x00000006c0000000, 0x00000007c0000000, 0x00000007c0000000)
  eden space 4192256K, 100% used [0x00000006c0000000,0x00000007bfe00000,0x00000007bfe00000)
  from space 1024K, 46% used [0x00000007bff00000,0x00000007bff78000,0x00000007c0000000)
  to   space 1024K, 0% used [0x00000007bfe00000,0x00000007bfe00000,0x00000007bff00000)
 ParOldGen       total 5592576K, used 4328100K [0x00000004c0000000, 0x0000000615580000, 0x00000006c0000000)
  object space 5592576K, 77% used [0x00000004c0000000,0x00000005c82a91d8,0x0000000615580000)
 Metaspace       used 6169K, capacity 6300K, committed 6528K, reserved 1056768K
  class space    used 537K, capacity 564K, committed 640K, reserved 1048576K
Event: 30728.341 GC heap after
Heap after GC invocations=103531 (full 2):
 PSYoungGen      total 4193280K, used 512K [0x00000006c0000000, 0x00000007c0000000, 0x00000007c0000000)
  eden space 4192256K, 0% used [0x00000006c0000000,0x00000006c0000000,0x00000007bfe00000)
  from space 1024K, 50% used [0x00000007bfe00000,0x00000007bfe80000,0x00000007bff00000)
  to   space 1024K, 0% used [0x00000007bff00000,0x00000007bff00000,0x00000007c0000000)
 ParOldGen       total 5592576K, used 4328172K [0x00000004c0000000, 0x0000000615580000, 0x00000006c0000000)
  object space 5592576K, 77% used [0x00000004c0000000,0x00000005c82bb1d8,0x0000000615580000)
 Metaspace       used 6169K, capacity 6300K, committed 6528K, reserved 1056768K
  class space    used 537K, capacity 564K, committed 640K, reserved 1048576K
}
Event: 30728.631 GC heap before
{Heap before GC invocations=103532 (full 2):
 PSYoungGen      total 4193280K, used 4192768K [0x00000006c0000000, 0x00000007c0000000, 0x00000007c0000000)
  eden space 4192256K, 100% used [0x00000006c0000000,0x00000007bfe00000,0x00000007bfe00000)
  from space 1024K, 50% used [0x00000007bfe00000,0x00000007bfe80000,0x00000007bff00000)
  to   space 1024K, 0% used [0x00000007bff00000,0x00000007bff00000,0x00000007c0000000)
 ParOldGen       total 5592576K, used 4328172K [0x00000004c0000000, 0x0000000615580000, 0x00000006c0000000)
  object space 5592576K, 77% used [0x00000004c0000000,0x00000005c82bb1d8,0x0000000615580000)
 Metaspace       used 6169K, capacity 6300K, committed 6528K, reserved 1056768K
  class space    used 537K, capacity 564K, committed 640K, reserved 1048576K
Event: 30728.640 GC heap after
Heap after GC invocations=103532 (full 2):
 PSYoungGen      total 4193280K, used 480K [0x00000006c0000000, 0x00000007c0000000, 0x00000007c0000000)
  eden space 4192256K, 0% used [0x00000006c0000000,0x00000006c0000000,0x00000007bfe00000)
  from space 1024K, 46% used [0x00000007bff00000,0x00000007bff78000,0x00000007c0000000)
  to   space 1024K, 0% used [0x00000007bfe00000,0x00000007bfe00000,0x00000007bff00000)
 ParOldGen       total 5592576K, used 4328244K [0x00000004c0000000, 0x0000000615580000, 0x00000006c0000000)
  object space 5592576K, 77% used [0x00000004c0000000,0x00000005c82cd1d8,0x0000000615580000)
 Metaspace       used 6169K, capacity 6300K, committed 6528K, reserved 1056768K
  class space    used 537K, capacity 564K, committed 640K, reserved 1048576K
}
Event: 30728.931 GC heap before
{Heap before GC invocations=103533 (full 2):
 PSYoungGen      total 4193280K, used 4192736K [0x00000006c0000000, 0x00000007c0000000, 0x00000007c0000000)
  eden space 4192256K, 100% used [0x00000006c0000000,0x00000007bfe00000,0x00000007bfe00000)
  from space 1024K, 46% used [0x00000007bff00000,0x00000007bff78000,0x00000007c0000000)
  to   space 1024K, 0% used [0x00000007bfe00000,0x00000007bfe00000,0x00000007bff00000)
 ParOldGen       total 5592576K, used 4328244K [0x00000004c0000000, 0x0000000615580000, 0x00000006c0000000)
  object space 5592576K, 77% used [0x00000004c0000000,0x00000005c82cd1d8,0x0000000615580000)
 Metaspace       used 6169K, capacity 6300K, committed 6528K, reserved 1056768K
  class space    used 537K, capacity 564K, committed 640K, reserved 1048576K
Event: 30728.941 GC heap after
Heap after GC invocations=103533 (full 2):
 PSYoungGen      total 4193280K, used 310K [0x00000006c0000000, 0x00000007c0000000, 0x00000007c0000000)
  eden space 4192256K, 0% used [0x00000006c0000000,0x00000006c0000000,0x00000007bfe00000)
  from space 1024K, 30% used [0x00000007bfe00000,0x00000007bfe4dba8,0x00000007bff00000)
  to   space 1024K, 0% used [0x00000007bff00000,0x00000007bff00000,0x00000007c0000000)
 ParOldGen       total 5592576K, used 4328300K [0x00000004c0000000, 0x0000000615580000, 0x00000006c0000000)
  object space 5592576K, 77% used [0x00000004c0000000,0x00000005c82db1d8,0x0000000615580000)
 Metaspace       used 6169K, capacity 6300K, committed 6528K, reserved 1056768K
  class space    used 537K, capacity 564K, committed 640K, reserved 1048576K
}

