# JRE version: OpenJDK Runtime Environment (8.0_222-b05) (build 1.8.0_222-b05)
# Java VM: OpenJDK 64-Bit Server VM (25.222-b05 mixed mode linux-amd64 compressed oops)
Heap:
 PSYoungGen      total 13824K, used 6398K [0x000000076cc00000, 0x000000076e300000, 0x00000007c0000000)
  eden space 9728K, 25% used [0x000000076cc00000,0x000000076ce77bf8,0x000000076d580000)
  from space 4096K, 94% used [0x000000076da80000,0x000000076de47d68,0x000000076de80000)
  to   space 5120K, 0% used [0x000000076d580000,0x000000076d580000,0x000000076da80000)
 ParOldGen       total 11264K, used 4975K [0x00000006c6400000, 0x00000006c6f00000, 0x000000076cc00000)
  object space 11264K, 44% used [0x00000006c6400000,0x00000006c68dbea8,0x00000006c6f00000)
 Metaspace       used 9688K, capacity 10208K, committed 10368K, reserved 1058816K
  class space    used 1075K, capacity 1108K, committed 1152K, reserved 1048576K
GC Heap History (10 events):
Event: 0.193 GC heap before
{Heap before GC invocations=5 (full 0):
 PSYoungGen      total 6656K, used 6640K [0x000000076cc00000, 0x000000076d300000, 0x00000007c0000000)
  eden space 6144K, 100% used [0x000000076cc00000,0x000000076d200000,0x000000076d200000)
  from space 512K, 96% used [0x000000076d280000,0x000000076d2fc010,0x000000076d300000)
  to   space 512K, 0% used [0x000000076d200000,0x000000076d200000,0x000000076d280000)
 ParOldGen       total 5632K, used 948K [0x00000006c6400000, 0x00000006c6980000, 0x000000076cc00000)
  object space 5632K, 16% used [0x00000006c6400000,0x00000006c64ed040,0x00000006c6980000)
 Metaspace       used 7183K, capacity 8180K, committed 8320K, reserved 1056768K
  class space    used 858K, capacity 880K, committed 896K, reserved 1048576K
Event: 0.195 GC heap after
Heap after GC invocations=5 (full 0):
 PSYoungGen      total 6656K, used 496K [0x000000076cc00000, 0x000000076df00000, 0x00000007c0000000)
  eden space 6144K, 0% used [0x000000076cc00000,0x000000076cc00000,0x000000076d200000)
  from space 512K, 96% used [0x000000076d200000,0x000000076d27c010,0x000000076d280000)
  to   space 3584K, 0% used [0x000000076db80000,0x000000076db80000,0x000000076df00000)
 ParOldGen       total 5632K, used 4681K [0x00000006c6400000, 0x00000006c6980000, 0x000000076cc00000)
  object space 5632K, 83% used [0x00000006c6400000,0x00000006c6892470,0x00000006c6980000)
 Metaspace       used 7183K, capacity 8180K, committed 8320K, reserved 1056768K
  class space    used 858K, capacity 880K, committed 896K, reserved 1048576K
}
Event: 0.195 GC heap before
{Heap before GC invocations=6 (full 1):
 PSYoungGen      total 6656K, used 496K [0x000000076cc00000, 0x000000076df00000, 0x00000007c0000000)
  eden space 6144K, 0% used [0x000000076cc00000,0x000000076cc00000,0x000000076d200000)
  from space 512K, 96% used [0x000000076d200000,0x000000076d27c010,0x000000076d280000)
  to   space 3584K, 0% used [0x000000076db80000,0x000000076db80000,0x000000076df00000)
 ParOldGen       total 5632K, used 4681K [0x00000006c6400000, 0x00000006c6980000, 0x000000076cc00000)
  object space 5632K, 83% used [0x00000006c6400000,0x00000006c6892470,0x00000006c6980000)
 Metaspace       used 7183K, capacity 8180K, committed 8320K, reserved 1056768K
  class space    used 858K, capacity 880K, committed 896K, reserved 1048576K
Event: 0.216 GC heap after
Heap after GC invocations=6 (full 1):
 PSYoungGen      total 6656K, used 0K [0x000000076cc00000, 0x000000076df00000, 0x00000007c0000000)
  eden space 6144K, 0% used [0x000000076cc00000,0x000000076cc00000,0x000000076d200000)
  from space 512K, 0% used [0x000000076d200000,0x000000076d200000,0x000000076d280000)
  to   space 3584K, 0% used [0x000000076db80000,0x000000076db80000,0x000000076df00000)
 ParOldGen       total 11264K, used 4951K [0x00000006c6400000, 0x00000006c6f00000, 0x000000076cc00000)
  object space 11264K, 43% used [0x00000006c6400000,0x00000006c68d5ea8,0x00000006c6f00000)
 Metaspace       used 7183K, capacity 8180K, committed 8320K, reserved 1056768K
  class space    used 858K, capacity 880K, committed 896K, reserved 1048576K
}
Event: 0.257 GC heap before
{Heap before GC invocations=7 (full 1):
 PSYoungGen      total 6656K, used 6144K [0x000000076cc00000, 0x000000076df00000, 0x00000007c0000000)
  eden space 6144K, 100% used [0x000000076cc00000,0x000000076d200000,0x000000076d200000)
  from space 512K, 0% used [0x000000076d200000,0x000000076d200000,0x000000076d280000)
  to   space 3584K, 0% used [0x000000076db80000,0x000000076db80000,0x000000076df00000)
 ParOldGen       total 11264K, used 4951K [0x00000006c6400000, 0x00000006c6f00000, 0x000000076cc00000)
  object space 11264K, 43% used [0x00000006c6400000,0x00000006c68d5ea8,0x00000006c6f00000)
 Metaspace       used 7350K, capacity 8276K, committed 8448K, reserved 1056768K
  class space    used 870K, capacity 912K, committed 1024K, reserved 1048576K
Event: 0.259 GC heap after
Heap after GC invocations=7 (full 1):
 PSYoungGen      total 10240K, used 1897K [0x000000076cc00000, 0x000000076dd80000, 0x00000007c0000000)
  eden space 8192K, 0% used [0x000000076cc00000,0x000000076cc00000,0x000000076d400000)
  from space 2048K, 92% used [0x000000076db80000,0x000000076dd5a750,0x000000076dd80000)
  to   space 3584K, 0% used [0x000000076d680000,0x000000076d680000,0x000000076da00000)
 ParOldGen       total 11264K, used 4959K [0x00000006c6400000, 0x00000006c6f00000, 0x000000076cc00000)
  object space 11264K, 44% used [0x00000006c6400000,0x00000006c68d7ea8,0x00000006c6f00000)
 Metaspace       used 7350K, capacity 8276K, committed 8448K, reserved 1056768K
  class space    used 870K, capacity 912K, committed 1024K, reserved 1048576K
}
Event: 0.357 GC heap before
{Heap before GC invocations=8 (full 1):
 PSYoungGen      total 10240K, used 10089K [0x000000076cc00000, 0x000000076dd80000, 0x00000007c0000000)
  eden space 8192K, 100% used [0x000000076cc00000,0x000000076d400000,0x000000076d400000)
  from space 2048K, 92% used [0x000000076db80000,0x000000076dd5a750,0x000000076dd80000)
  to   space 3584K, 0% used [0x000000076d680000,0x000000076d680000,0x000000076da00000)
 ParOldGen       total 11264K, used 4959K [0x00000006c6400000, 0x00000006c6f00000, 0x000000076cc00000)
  object space 11264K, 44% used [0x00000006c6400000,0x00000006c68d7ea8,0x00000006c6f00000)
 Metaspace       used 8340K, capacity 8992K, committed 9216K, reserved 1056768K
  class space    used 963K, capacity 980K, committed 1024K, reserved 1048576K
Event: 0.361 GC heap after
Heap after GC invocations=8 (full 1):
 PSYoungGen      total 14336K, used 3423K [0x000000076cc00000, 0x000000076de80000, 0x00000007c0000000)
  eden space 10752K, 0% used [0x000000076cc00000,0x000000076cc00000,0x000000076d680000)
  from space 3584K, 95% used [0x000000076d680000,0x000000076d9d7d68,0x000000076da00000)
  to   space 4096K, 0% used [0x000000076da80000,0x000000076da80000,0x000000076de80000)
 ParOldGen       total 11264K, used 4967K [0x00000006c6400000, 0x00000006c6f00000, 0x000000076cc00000)
  object space 11264K, 44% used [0x00000006c6400000,0x00000006c68d9ea8,0x00000006c6f00000)
 Metaspace       used 8340K, capacity 8992K, committed 9216K, reserved 1056768K
  class space    used 963K, capacity 980K, committed 1024K, reserved 1048576K
}
Event: 0.539 GC heap before
{Heap before GC invocations=9 (full 1):
 PSYoungGen      total 14336K, used 14175K [0x000000076cc00000, 0x000000076de80000, 0x00000007c0000000)
  eden space 10752K, 100% used [0x000000076cc00000,0x000000076d680000,0x000000076d680000)
  from space 3584K, 95% used [0x000000076d680000,0x000000076d9d7d68,0x000000076da00000)
  to   space 4096K, 0% used [0x000000076da80000,0x000000076da80000,0x000000076de80000)
 ParOldGen       total 11264K, used 4967K [0x00000006c6400000, 0x00000006c6f00000, 0x000000076cc00000)
  object space 11264K, 44% used [0x00000006c6400000,0x00000006c68d9ea8,0x00000006c6f00000)
 Metaspace       used 9582K, capacity 10144K, committed 10368K, reserved 1058816K
  class space    used 1071K, capacity 1108K, committed 1152K, reserved 1048576K
Event: 0.540 GC heap after
Heap after GC invocations=9 (full 1):
 PSYoungGen      total 13824K, used 3871K [0x000000076cc00000, 0x000000076e300000, 0x00000007c0000000)
  eden space 9728K, 0% used [0x000000076cc00000,0x000000076cc00000,0x000000076d580000)
  from space 4096K, 94% used [0x000000076da80000,0x000000076de47d68,0x000000076de80000)
  to   space 5120K, 0% used [0x000000076d580000,0x000000076d580000,0x000000076da80000)
 ParOldGen       total 11264K, used 4975K [0x00000006c6400000, 0x00000006c6f00000, 0x000000076cc00000)
  object space 11264K, 44% used [0x00000006c6400000,0x00000006c68dbea8,0x00000006c6f00000)
 Metaspace       used 9582K, capacity 10144K, committed 10368K, reserved 1058816K
  class space    used 1071K, capacity 1108K, committed 1152K, reserved 1048576K
}

